[debug] [2020-11-16T15:33:29.947Z] ----------------------------------------------------------------------
[debug] [2020-11-16T15:33:29.949Z] Command:       H:\NodeJS\node.exe C:\Users\Damien\AppData\Roaming\npm\node_modules\firebase-tools\lib\bin\firebase.js init
[debug] [2020-11-16T15:33:29.949Z] CLI Version:   8.16.2
[debug] [2020-11-16T15:33:29.949Z] Platform:      win32
[debug] [2020-11-16T15:33:29.949Z] Node Version:  v12.18.2
[debug] [2020-11-16T15:33:29.950Z] Time:          Mon Nov 16 2020 16:33:29 GMT+0100 (GMT+01:00)
[debug] [2020-11-16T15:33:29.950Z] ----------------------------------------------------------------------
[debug] [2020-11-16T15:33:29.950Z] 
[debug] [2020-11-16T15:33:29.955Z] > command requires scopes: ["email","openid","https://www.googleapis.com/auth/cloudplatformprojects.readonly","https://www.googleapis.com/auth/firebase","https://www.googleapis.com/auth/cloud-platform"]
[debug] [2020-11-16T15:33:29.955Z] > authorizing via signed-in user
[info] 
     ######## #### ########  ######## ########     ###     ######  ########
     ##        ##  ##     ## ##       ##     ##  ##   ##  ##       ##
     ######    ##  ########  ######   ########  #########  ######  ######
     ##        ##  ##    ##  ##       ##     ## ##     ##       ## ##
     ##       #### ##     ## ######## ########  ##     ##  ######  ########

You're about to initialize a Firebase project in this directory:

  D:\Dev\WildCodeSchool\wild-games

[info] 
=== Project Setup
[info] 
[info] First, let's associate this project directory with a Firebase project.
[info] You can create multiple project aliases by running firebase use --add, 
[info] but for now we'll just set up a default project.
[info] 
[debug] [2020-11-16T15:33:41.043Z] > refreshing access token with scopes: ["email","https://www.googleapis.com/auth/cloud-platform","https://www.googleapis.com/auth/cloudplatformprojects.readonly","https://www.googleapis.com/auth/firebase","openid"]
[debug] [2020-11-16T15:33:41.044Z] >>> HTTP REQUEST POST https://www.googleapis.com/oauth2/v3/token  
 <request body omitted>
[debug] [2020-11-16T15:33:41.148Z] <<< HTTP RESPONSE 200 {"cache-control":"no-cache, no-store, max-age=0, must-revalidate","expires":"Mon, 01 Jan 1990 00:00:00 GMT","date":"Mon, 16 Nov 2020 15:33:41 GMT","pragma":"no-cache","content-type":"application/json; charset=utf-8","vary":"X-Origin, Referer, Origin,Accept-Encoding","server":"scaffolding on HTTPServer2","x-xss-protection":"0","x-frame-options":"SAMEORIGIN","x-content-type-options":"nosniff","alt-svc":"h3-Q050=\":443\"; ma=2592000,h3-29=\":443\"; ma=2592000,h3-T051=\":443\"; ma=2592000,h3-Q046=\":443\"; ma=2592000,h3-Q043=\":443\"; ma=2592000,quic=\":443\"; ma=2592000; v=\"46,43\"","accept-ranges":"none","transfer-encoding":"chunked"}
[debug] [2020-11-16T15:33:41.159Z] >>> HTTP REQUEST GET https://firebase.googleapis.com/v1beta1/availableProjects?pageSize=100  
 
[debug] [2020-11-16T15:33:41.481Z] <<< HTTP RESPONSE 200 {"content-type":"application/json; charset=UTF-8","vary":"X-Origin, Referer, Origin,Accept-Encoding","date":"Mon, 16 Nov 2020 15:33:41 GMT","server":"ESF","cache-control":"private","x-xss-protection":"0","x-frame-options":"SAMEORIGIN","x-content-type-options":"nosniff","alt-svc":"h3-Q050=\":443\"; ma=2592000,h3-29=\":443\"; ma=2592000,h3-T051=\":443\"; ma=2592000,h3-Q046=\":443\"; ma=2592000,h3-Q043=\":443\"; ma=2592000,quic=\":443\"; ma=2592000; v=\"46,43\"","accept-ranges":"none","transfer-encoding":"chunked"}
[debug] [2020-11-16T15:33:53.227Z] >>> HTTP REQUEST POST https://firebase.googleapis.com/v1beta1/projects/api-7890574489035430201-916173:addFirebase  
 
[debug] [2020-11-16T15:33:55.239Z] <<< HTTP RESPONSE 200 {"content-type":"application/json; charset=UTF-8","vary":"X-Origin, Referer, Origin,Accept-Encoding","date":"Mon, 16 Nov 2020 15:33:55 GMT","server":"ESF","cache-control":"private","x-xss-protection":"0","x-frame-options":"SAMEORIGIN","x-content-type-options":"nosniff","alt-svc":"h3-Q050=\":443\"; ma=2592000,h3-29=\":443\"; ma=2592000,h3-T051=\":443\"; ma=2592000,h3-Q046=\":443\"; ma=2592000,h3-Q043=\":443\"; ma=2592000,quic=\":443\"; ma=2592000; v=\"46,43\"","accept-ranges":"none","transfer-encoding":"chunked"}
[debug] [2020-11-16T15:33:55.241Z] > refreshing access token with scopes: []
[debug] [2020-11-16T15:33:55.242Z] >>> HTTP REQUEST POST https://www.googleapis.com/oauth2/v3/token  
 <request body omitted>
[debug] [2020-11-16T15:33:55.308Z] <<< HTTP RESPONSE 200 {"expires":"Mon, 01 Jan 1990 00:00:00 GMT","date":"Mon, 16 Nov 2020 15:33:55 GMT","cache-control":"no-cache, no-store, max-age=0, must-revalidate","pragma":"no-cache","content-type":"application/json; charset=utf-8","vary":"X-Origin, Referer, Origin,Accept-Encoding","server":"scaffolding on HTTPServer2","x-xss-protection":"0","x-frame-options":"SAMEORIGIN","x-content-type-options":"nosniff","alt-svc":"h3-Q050=\":443\"; ma=2592000,h3-29=\":443\"; ma=2592000,h3-T051=\":443\"; ma=2592000,h3-Q046=\":443\"; ma=2592000,h3-Q043=\":443\"; ma=2592000,quic=\":443\"; ma=2592000; v=\"46,43\"","accept-ranges":"none","transfer-encoding":"chunked"}
[debug] [2020-11-16T15:33:55.323Z] >>> [apiv2][query] GET https://firebase.googleapis.com/v1beta1/operations/workflows/ODRjZmM4ZWItZjk0OS00YjM5LTkzYjQtOWJiODc3Y2M4OGM3 [none]
[debug] [2020-11-16T15:33:55.691Z] <<< [apiv2][status] GET https://firebase.googleapis.com/v1beta1/operations/workflows/ODRjZmM4ZWItZjk0OS00YjM5LTkzYjQtOWJiODc3Y2M4OGM3 200
[debug] [2020-11-16T15:33:55.691Z] <<< [apiv2][body] GET https://firebase.googleapis.com/v1beta1/operations/workflows/ODRjZmM4ZWItZjk0OS00YjM5LTkzYjQtOWJiODc3Y2M4OGM3 {"name":"operations/workflows/ODRjZmM4ZWItZjk0OS00YjM5LTkzYjQtOWJiODc3Y2M4OGM3"}
[debug] [2020-11-16T15:33:56.197Z] [Add Firebase Poller] Retrying task index 0
[debug] [2020-11-16T15:33:56.198Z] >>> [apiv2][query] GET https://firebase.googleapis.com/v1beta1/operations/workflows/ODRjZmM4ZWItZjk0OS00YjM5LTkzYjQtOWJiODc3Y2M4OGM3 [none]
[debug] [2020-11-16T15:33:56.540Z] <<< [apiv2][status] GET https://firebase.googleapis.com/v1beta1/operations/workflows/ODRjZmM4ZWItZjk0OS00YjM5LTkzYjQtOWJiODc3Y2M4OGM3 200
[debug] [2020-11-16T15:33:56.540Z] <<< [apiv2][body] GET https://firebase.googleapis.com/v1beta1/operations/workflows/ODRjZmM4ZWItZjk0OS00YjM5LTkzYjQtOWJiODc3Y2M4OGM3 {"name":"operations/workflows/ODRjZmM4ZWItZjk0OS00YjM5LTkzYjQtOWJiODc3Y2M4OGM3"}
[debug] [2020-11-16T15:33:57.541Z] [Add Firebase Poller] Retrying task index 0
[debug] [2020-11-16T15:33:57.542Z] >>> [apiv2][query] GET https://firebase.googleapis.com/v1beta1/operations/workflows/ODRjZmM4ZWItZjk0OS00YjM5LTkzYjQtOWJiODc3Y2M4OGM3 [none]
[debug] [2020-11-16T15:33:57.832Z] <<< [apiv2][status] GET https://firebase.googleapis.com/v1beta1/operations/workflows/ODRjZmM4ZWItZjk0OS00YjM5LTkzYjQtOWJiODc3Y2M4OGM3 200
[debug] [2020-11-16T15:33:57.832Z] <<< [apiv2][body] GET https://firebase.googleapis.com/v1beta1/operations/workflows/ODRjZmM4ZWItZjk0OS00YjM5LTkzYjQtOWJiODc3Y2M4OGM3 {"name":"operations/workflows/ODRjZmM4ZWItZjk0OS00YjM5LTkzYjQtOWJiODc3Y2M4OGM3"}
[debug] [2020-11-16T15:33:59.844Z] [Add Firebase Poller] Retrying task index 0
[debug] [2020-11-16T15:33:59.845Z] >>> [apiv2][query] GET https://firebase.googleapis.com/v1beta1/operations/workflows/ODRjZmM4ZWItZjk0OS00YjM5LTkzYjQtOWJiODc3Y2M4OGM3 [none]
[debug] [2020-11-16T15:34:00.226Z] <<< [apiv2][status] GET https://firebase.googleapis.com/v1beta1/operations/workflows/ODRjZmM4ZWItZjk0OS00YjM5LTkzYjQtOWJiODc3Y2M4OGM3 200
[debug] [2020-11-16T15:34:00.226Z] <<< [apiv2][body] GET https://firebase.googleapis.com/v1beta1/operations/workflows/ODRjZmM4ZWItZjk0OS00YjM5LTkzYjQtOWJiODc3Y2M4OGM3 {"name":"operations/workflows/ODRjZmM4ZWItZjk0OS00YjM5LTkzYjQtOWJiODc3Y2M4OGM3"}
[debug] [2020-11-16T15:34:04.239Z] [Add Firebase Poller] Retrying task index 0
[debug] [2020-11-16T15:34:04.239Z] >>> [apiv2][query] GET https://firebase.googleapis.com/v1beta1/operations/workflows/ODRjZmM4ZWItZjk0OS00YjM5LTkzYjQtOWJiODc3Y2M4OGM3 [none]
[debug] [2020-11-16T15:34:04.550Z] <<< [apiv2][status] GET https://firebase.googleapis.com/v1beta1/operations/workflows/ODRjZmM4ZWItZjk0OS00YjM5LTkzYjQtOWJiODc3Y2M4OGM3 200
[debug] [2020-11-16T15:34:04.550Z] <<< [apiv2][body] GET https://firebase.googleapis.com/v1beta1/operations/workflows/ODRjZmM4ZWItZjk0OS00YjM5LTkzYjQtOWJiODc3Y2M4OGM3 {"name":"operations/workflows/ODRjZmM4ZWItZjk0OS00YjM5LTkzYjQtOWJiODc3Y2M4OGM3","done":true,"response":{"@type":"type.googleapis.com/google.firebase.service.v1beta1.FirebaseProject","projectId":"api-7890574489035430201-916173","projectNumber":"624546546538","displayName":"Google Play Android Developer","name":"projects/api-7890574489035430201-916173","resources":{"hostingSite":"api-7890574489035430201-916173","realtimeDatabaseInstance":"api-7890574489035430201-916173"}}}
[info] 
[info] === Your Firebase project is ready! ===
[info] 
[info] Project information:
[info]    - Project ID: api-7890574489035430201-916173
[info]    - Project Name: Google Play Android Developer
[info] 
[info] Firebase console is available at
[info] https://console.firebase.google.com/project/api-7890574489035430201-916173/overview
[info] i  Using project api-7890574489035430201-916173 (Google Play Android Developer) 
[info] 
=== Functions Setup
[info] 
[info] A functions directory will be created in your project with a Node.js
[info] package pre-configured. Functions can be deployed with firebase deploy.
[info] 
[debug] [2020-11-16T15:34:04.576Z] > command requires scopes: ["email","openid","https://www.googleapis.com/auth/cloudplatformprojects.readonly","https://www.googleapis.com/auth/firebase","https://www.googleapis.com/auth/cloud-platform"]
[debug] [2020-11-16T15:34:04.576Z] > authorizing via signed-in user
[debug] [2020-11-16T15:34:04.576Z] [iam] checking project api-7890574489035430201-916173 for permissions ["firebase.projects.get"]
[debug] [2020-11-16T15:34:04.577Z] > refreshing access token with scopes: ["email","https://www.googleapis.com/auth/cloud-platform","https://www.googleapis.com/auth/cloudplatformprojects.readonly","https://www.googleapis.com/auth/firebase","openid"]
[debug] [2020-11-16T15:34:04.577Z] >>> HTTP REQUEST POST https://www.googleapis.com/oauth2/v3/token  
 <request body omitted>
[debug] [2020-11-16T15:34:04.658Z] <<< HTTP RESPONSE 200 {"cache-control":"no-cache, no-store, max-age=0, must-revalidate","date":"Mon, 16 Nov 2020 15:34:04 GMT","pragma":"no-cache","expires":"Mon, 01 Jan 1990 00:00:00 GMT","content-type":"application/json; charset=utf-8","vary":"X-Origin, Referer, Origin,Accept-Encoding","server":"scaffolding on HTTPServer2","x-xss-protection":"0","x-frame-options":"SAMEORIGIN","x-content-type-options":"nosniff","alt-svc":"h3-Q050=\":443\"; ma=2592000,h3-29=\":443\"; ma=2592000,h3-T051=\":443\"; ma=2592000,h3-Q046=\":443\"; ma=2592000,h3-Q043=\":443\"; ma=2592000,quic=\":443\"; ma=2592000; v=\"46,43\"","accept-ranges":"none","transfer-encoding":"chunked"}
[debug] [2020-11-16T15:34:04.667Z] >>> HTTP REQUEST POST https://cloudresourcemanager.googleapis.com/v1/projects/api-7890574489035430201-916173:testIamPermissions  
 {"permissions":["firebase.projects.get"]}
[debug] [2020-11-16T15:34:05.338Z] <<< HTTP RESPONSE 200 {"content-type":"application/json; charset=UTF-8","vary":"X-Origin, Referer, Origin,Accept-Encoding","date":"Mon, 16 Nov 2020 15:34:05 GMT","server":"ESF","cache-control":"private","x-xss-protection":"0","x-frame-options":"SAMEORIGIN","x-content-type-options":"nosniff","server-timing":"gfet4t7; dur=636","alt-svc":"h3-Q050=\":443\"; ma=2592000,h3-29=\":443\"; ma=2592000,h3-T051=\":443\"; ma=2592000,h3-Q046=\":443\"; ma=2592000,h3-Q043=\":443\"; ma=2592000,quic=\":443\"; ma=2592000; v=\"46,43\"","accept-ranges":"none","transfer-encoding":"chunked"}
[debug] [2020-11-16T15:34:05.339Z] >>> HTTP REQUEST POST https://serviceusage.googleapis.com/v1/projects/api-7890574489035430201-916173/services/cloudfunctions.googleapis.com:enable  
 
[debug] [2020-11-16T15:34:05.339Z] >>> HTTP REQUEST POST https://serviceusage.googleapis.com/v1/projects/api-7890574489035430201-916173/services/runtimeconfig.googleapis.com:enable  
 
[debug] [2020-11-16T15:34:06.063Z] <<< HTTP RESPONSE 200 {"content-type":"application/json; charset=UTF-8","vary":"X-Origin, Referer, Origin,Accept-Encoding","date":"Mon, 16 Nov 2020 15:34:06 GMT","server":"ESF","cache-control":"private","x-xss-protection":"0","x-frame-options":"SAMEORIGIN","x-content-type-options":"nosniff","alt-svc":"h3-Q050=\":443\"; ma=2592000,h3-29=\":443\"; ma=2592000,h3-T051=\":443\"; ma=2592000,h3-Q046=\":443\"; ma=2592000,h3-Q043=\":443\"; ma=2592000,quic=\":443\"; ma=2592000; v=\"46,43\"","accept-ranges":"none","transfer-encoding":"chunked"}
[debug] [2020-11-16T15:34:06.089Z] <<< HTTP RESPONSE 200 {"content-type":"application/json; charset=UTF-8","vary":"X-Origin, Referer, Origin,Accept-Encoding","date":"Mon, 16 Nov 2020 15:34:06 GMT","server":"ESF","cache-control":"private","x-xss-protection":"0","x-frame-options":"SAMEORIGIN","x-content-type-options":"nosniff","alt-svc":"h3-Q050=\":443\"; ma=2592000,h3-29=\":443\"; ma=2592000,h3-T051=\":443\"; ma=2592000,h3-Q046=\":443\"; ma=2592000,h3-Q043=\":443\"; ma=2592000,quic=\":443\"; ma=2592000; v=\"46,43\"","accept-ranges":"none","transfer-encoding":"chunked"}
[debug] [2020-11-16T15:34:13.886Z] ----------------------------------------------------------------------
[debug] [2020-11-16T15:34:13.887Z] Command:       H:\NodeJS\node.exe C:\Users\Damien\AppData\Roaming\npm\node_modules\firebase-tools\lib\bin\firebase.js init
[debug] [2020-11-16T15:34:13.888Z] CLI Version:   8.16.2
[debug] [2020-11-16T15:34:13.888Z] Platform:      win32
[debug] [2020-11-16T15:34:13.888Z] Node Version:  v12.18.2
[debug] [2020-11-16T15:34:13.889Z] Time:          Mon Nov 16 2020 16:34:13 GMT+0100 (GMT+01:00)
[debug] [2020-11-16T15:34:13.889Z] ----------------------------------------------------------------------
[debug] [2020-11-16T15:34:13.889Z] 
[debug] [2020-11-16T15:34:13.893Z] > command requires scopes: ["email","openid","https://www.googleapis.com/auth/cloudplatformprojects.readonly","https://www.googleapis.com/auth/firebase","https://www.googleapis.com/auth/cloud-platform"]
[debug] [2020-11-16T15:34:13.894Z] > authorizing via signed-in user
[info] 
     ######## #### ########  ######## ########     ###     ######  ########
     ##        ##  ##     ## ##       ##     ##  ##   ##  ##       ##
     ######    ##  ########  ######   ########  #########  ######  ######
     ##        ##  ##    ##  ##       ##     ## ##     ##       ## ##
     ##       #### ##     ## ######## ########  ##     ##  ######  ########

You're about to initialize a Firebase project in this directory:

  D:\Dev\WildCodeSchool\wild-games

[info] 
=== Project Setup
[info] 
[info] First, let's associate this project directory with a Firebase project.
[info] You can create multiple project aliases by running firebase use --add, 
[info] but for now we'll just set up a default project.
[info] 
[debug] [2020-11-16T15:34:18.940Z] >>> HTTP REQUEST GET https://firebase.googleapis.com/v1beta1/projects?pageSize=100  
 
[debug] [2020-11-16T15:34:19.408Z] <<< HTTP RESPONSE 200 {"content-type":"application/json; charset=UTF-8","vary":"X-Origin, Referer, Origin,Accept-Encoding","date":"Mon, 16 Nov 2020 15:34:19 GMT","server":"ESF","cache-control":"private","x-xss-protection":"0","x-frame-options":"SAMEORIGIN","x-content-type-options":"nosniff","alt-svc":"h3-Q050=\":443\"; ma=2592000,h3-29=\":443\"; ma=2592000,h3-T051=\":443\"; ma=2592000,h3-Q046=\":443\"; ma=2592000,h3-Q043=\":443\"; ma=2592000,quic=\":443\"; ma=2592000; v=\"46,43\"","accept-ranges":"none","transfer-encoding":"chunked"}
